.\Debug\WestWorldWithMessaging.pdb
C:\Users\Romain S\Documents\Workspace\workspace_ia\tp1ia\Buckland_Chapter2-State Machines\WestWorldWithMessaging\.\Debug\WestWorldWithMessaging.exe.intermediate.manifest
C:\USERS\ROMAIN S\DOCUMENTS\WORKSPACE\WORKSPACE_IA\TP1IA\BUCKLAND_CHAPTER2-STATE MACHINES\WESTWORLDWITHMESSAGING\DEBUG\BASEGAMEENTITY.OBJ
C:\USERS\ROMAIN S\DOCUMENTS\WORKSPACE\WORKSPACE_IA\TP1IA\BUCKLAND_CHAPTER2-STATE MACHINES\WESTWORLDWITHMESSAGING\DEBUG\BASEGAMEENTITY.SBR
C:\Users\Romain S\Documents\Workspace\workspace_ia\tp1ia\Buckland_Chapter2-State Machines\WestWorldWithMessaging\Debug\cl.command.1.tlog
C:\Users\Romain S\Documents\Workspace\workspace_ia\tp1ia\Buckland_Chapter2-State Machines\WestWorldWithMessaging\Debug\CL.read.1.tlog
C:\Users\Romain S\Documents\Workspace\workspace_ia\tp1ia\Buckland_Chapter2-State Machines\WestWorldWithMessaging\Debug\CL.write.1.tlog
C:\USERS\ROMAIN S\DOCUMENTS\WORKSPACE\WORKSPACE_IA\TP1IA\BUCKLAND_CHAPTER2-STATE MACHINES\WESTWORLDWITHMESSAGING\DEBUG\CRUDETIMER.OBJ
C:\USERS\ROMAIN S\DOCUMENTS\WORKSPACE\WORKSPACE_IA\TP1IA\BUCKLAND_CHAPTER2-STATE MACHINES\WESTWORLDWITHMESSAGING\DEBUG\CRUDETIMER.SBR
C:\USERS\ROMAIN S\DOCUMENTS\WORKSPACE\WORKSPACE_IA\TP1IA\BUCKLAND_CHAPTER2-STATE MACHINES\WESTWORLDWITHMESSAGING\DEBUG\ENTITYMANAGER.OBJ
C:\USERS\ROMAIN S\DOCUMENTS\WORKSPACE\WORKSPACE_IA\TP1IA\BUCKLAND_CHAPTER2-STATE MACHINES\WESTWORLDWITHMESSAGING\DEBUG\ENTITYMANAGER.SBR
C:\Users\Romain S\Documents\Workspace\workspace_ia\tp1ia\Buckland_Chapter2-State Machines\WestWorldWithMessaging\Debug\link.command.1.tlog
C:\Users\Romain S\Documents\Workspace\workspace_ia\tp1ia\Buckland_Chapter2-State Machines\WestWorldWithMessaging\Debug\link.read.1.tlog
C:\Users\Romain S\Documents\Workspace\workspace_ia\tp1ia\Buckland_Chapter2-State Machines\WestWorldWithMessaging\Debug\link.write.1.tlog
C:\Users\Romain S\Documents\Workspace\workspace_ia\tp1ia\Buckland_Chapter2-State Machines\WestWorldWithMessaging\Debug\link-cvtres.read.1.tlog
C:\Users\Romain S\Documents\Workspace\workspace_ia\tp1ia\Buckland_Chapter2-State Machines\WestWorldWithMessaging\Debug\link-cvtres.write.1.tlog
C:\USERS\ROMAIN S\DOCUMENTS\WORKSPACE\WORKSPACE_IA\TP1IA\BUCKLAND_CHAPTER2-STATE MACHINES\WESTWORLDWITHMESSAGING\DEBUG\MAIN.OBJ
C:\USERS\ROMAIN S\DOCUMENTS\WORKSPACE\WORKSPACE_IA\TP1IA\BUCKLAND_CHAPTER2-STATE MACHINES\WESTWORLDWITHMESSAGING\DEBUG\MAIN.SBR
C:\USERS\ROMAIN S\DOCUMENTS\WORKSPACE\WORKSPACE_IA\TP1IA\BUCKLAND_CHAPTER2-STATE MACHINES\WESTWORLDWITHMESSAGING\DEBUG\MESSAGEDISPATCHER.OBJ
C:\USERS\ROMAIN S\DOCUMENTS\WORKSPACE\WORKSPACE_IA\TP1IA\BUCKLAND_CHAPTER2-STATE MACHINES\WESTWORLDWITHMESSAGING\DEBUG\MESSAGEDISPATCHER.SBR
C:\USERS\ROMAIN S\DOCUMENTS\WORKSPACE\WORKSPACE_IA\TP1IA\BUCKLAND_CHAPTER2-STATE MACHINES\WESTWORLDWITHMESSAGING\DEBUG\MINER.OBJ
C:\USERS\ROMAIN S\DOCUMENTS\WORKSPACE\WORKSPACE_IA\TP1IA\BUCKLAND_CHAPTER2-STATE MACHINES\WESTWORLDWITHMESSAGING\DEBUG\MINER.SBR
C:\USERS\ROMAIN S\DOCUMENTS\WORKSPACE\WORKSPACE_IA\TP1IA\BUCKLAND_CHAPTER2-STATE MACHINES\WESTWORLDWITHMESSAGING\DEBUG\MINEROWNEDSTATES.OBJ
C:\USERS\ROMAIN S\DOCUMENTS\WORKSPACE\WORKSPACE_IA\TP1IA\BUCKLAND_CHAPTER2-STATE MACHINES\WESTWORLDWITHMESSAGING\DEBUG\MINEROWNEDSTATES.SBR
C:\USERS\ROMAIN S\DOCUMENTS\WORKSPACE\WORKSPACE_IA\TP1IA\BUCKLAND_CHAPTER2-STATE MACHINES\WESTWORLDWITHMESSAGING\DEBUG\MINERSWIFE.OBJ
C:\USERS\ROMAIN S\DOCUMENTS\WORKSPACE\WORKSPACE_IA\TP1IA\BUCKLAND_CHAPTER2-STATE MACHINES\WESTWORLDWITHMESSAGING\DEBUG\MINERSWIFE.SBR
C:\USERS\ROMAIN S\DOCUMENTS\WORKSPACE\WORKSPACE_IA\TP1IA\BUCKLAND_CHAPTER2-STATE MACHINES\WESTWORLDWITHMESSAGING\DEBUG\MINERSWIFEOWNEDSTATES.OBJ
C:\USERS\ROMAIN S\DOCUMENTS\WORKSPACE\WORKSPACE_IA\TP1IA\BUCKLAND_CHAPTER2-STATE MACHINES\WESTWORLDWITHMESSAGING\DEBUG\MINERSWIFEOWNEDSTATES.SBR
C:\Users\Romain S\Documents\Workspace\workspace_ia\tp1ia\Buckland_Chapter2-State Machines\WestWorldWithMessaging\Debug\rc.command.1.tlog
C:\Users\Romain S\Documents\Workspace\workspace_ia\tp1ia\Buckland_Chapter2-State Machines\WestWorldWithMessaging\Debug\rc.read.1.tlog
C:\Users\Romain S\Documents\Workspace\workspace_ia\tp1ia\Buckland_Chapter2-State Machines\WestWorldWithMessaging\Debug\rc.write.1.tlog
C:\Users\Romain S\Documents\Workspace\workspace_ia\tp1ia\Buckland_Chapter2-State Machines\WestWorldWithMessaging\Debug\vc100.idb
C:\USERS\ROMAIN S\DOCUMENTS\WORKSPACE\WORKSPACE_IA\TP1IA\BUCKLAND_CHAPTER2-STATE MACHINES\WESTWORLDWITHMESSAGING\DEBUG\VC100.PDB
C:\Users\Romain S\Documents\Workspace\workspace_ia\tp1ia\Buckland_Chapter2-State Machines\WestWorldWithMessaging\Debug\WestWorldWithMessaging.exe.embed.manifest
C:\USERS\ROMAIN S\DOCUMENTS\WORKSPACE\WORKSPACE_IA\TP1IA\BUCKLAND_CHAPTER2-STATE MACHINES\WESTWORLDWITHMESSAGING\DEBUG\WESTWORLDWITHMESSAGING.EXE.EMBED.MANIFEST.RES
C:\Users\Romain S\Documents\Workspace\workspace_ia\tp1ia\Buckland_Chapter2-State Machines\WestWorldWithMessaging\Debug\WestWorldWithMessaging.exe.intermediate.manifest
C:\Users\Romain S\Documents\Workspace\workspace_ia\tp1ia\Buckland_Chapter2-State Machines\WestWorldWithMessaging\Debug\WestWorldWithMessaging.pdb
C:\Users\Romain S\Documents\Workspace\workspace_ia\tp1ia\Buckland_Chapter2-State Machines\WestWorldWithMessaging\Debug\WestWorldWithMessaging.write.1.tlog
C:\Users\Romain S\Documents\Workspace\workspace_ia\tp1ia\Buckland_Chapter2-State Machines\WestWorldWithMessaging\Debug\WestWorldWithMessaging_manifest.rc
